<?xml version="1.0" encoding="UTF-8"?>
<!-- Generated by org.testng.reporters.JUnitXMLReporter -->
<testsuite hostname="mckzvdev01" ignored="2" name="AddClinicConfirm" tests="3" failures="0" timestamp="02 Dec 2019 12:56:03 GMT" time="48.96" errors="0">
  <testcase name="loginToCMS" time="2.677" classname="com.qa.test.LoginTest"/>
  <testcase name="enterCMSApp" time="5.465" classname="com.qa.test.HomeTest"/>
  <testcase name="confirmProviderAddClinic" time="36.875" classname="com.qa.test.AddProviderClinicConfirmTest"/>
  <testcase name="@BeforeSuite setup" time="0.0" classname="com.qa.base.TestBase">
    <ignored/>
  </testcase> <!-- @BeforeSuite setup -->
  <testcase name="@BeforeSuite setup" time="0.0" classname="com.qa.base.TestBase">
    <ignored/>
  </testcase> <!-- @BeforeSuite setup -->
</testsuite> <!-- AddClinicConfirm -->
