<?xml version="1.0" encoding="UTF-8"?>
<!-- Generated by org.testng.reporters.JUnitXMLReporter -->
<testsuite hostname="mckzvdev01" ignored="2" name="AddClinicRequest" tests="3" failures="0" timestamp="02 Dec 2019 12:55:14 GMT" time="34.461" errors="0">
  <testcase name="loginToCMS" time="2.554" classname="com.qa.test.LoginTest"/>
  <testcase name="enterCMSApp" time="2.463" classname="com.qa.test.HomeTest"/>
  <testcase name="reqProviderAddClinic" time="23.942" classname="com.qa.test.AddProviderClinicRequestTest"/>
  <testcase name="@BeforeSuite setup" time="0.0" classname="com.qa.base.TestBase">
    <ignored/>
  </testcase> <!-- @BeforeSuite setup -->
  <testcase name="@BeforeSuite setup" time="0.0" classname="com.qa.base.TestBase">
    <ignored/>
  </testcase> <!-- @BeforeSuite setup -->
</testsuite> <!-- AddClinicRequest -->
