<?xml version="1.0" encoding="UTF-8"?>
<!-- Generated by org.testng.reporters.JUnitXMLReporter -->
<testsuite hostname="mckzvdev01" ignored="4" name="AddClinic" tests="3" failures="0" timestamp="29 Nov 2019 13:54:16 GMT" time="46.896" errors="0">
  <testcase name="loginToCMS" time="3.387" classname="com.qa.test.LoginTest"/>
  <testcase name="enterCMSApp" time="6.025" classname="com.qa.test.HomeTest"/>
  <testcase name="confirmProviderAddClinic" time="37.423" classname="com.qa.test.AddProviderClinicConfirmTest"/>
  <testcase name="@AfterSuite afterSuite" time="0.0" classname="com.qa.base.TestBase">
    <ignored/>
  </testcase> <!-- @AfterSuite afterSuite -->
  <testcase name="@AfterSuite afterSuite" time="0.0" classname="com.qa.base.TestBase">
    <ignored/>
  </testcase> <!-- @AfterSuite afterSuite -->
  <testcase name="@BeforeSuite setup" time="0.0" classname="com.qa.base.TestBase">
    <ignored/>
  </testcase> <!-- @BeforeSuite setup -->
  <testcase name="@BeforeSuite setup" time="0.0" classname="com.qa.base.TestBase">
    <ignored/>
  </testcase> <!-- @BeforeSuite setup -->
</testsuite> <!-- AddClinic -->
